\BOOKMARK [0][-]{section*.1}{Cuprins}{}
\BOOKMARK [0][-]{chapter.1}{1 Introducere}{}
\BOOKMARK [1][-]{section.1.1}{1.1 Recunoaşterea automată a obiectelor}{chapter.1}
\BOOKMARK [1][-]{section.1.2}{1.2 Formularea şi abordarea temei}{chapter.1}
\BOOKMARK [0][-]{chapter.2}{2 Noţiuni teoretice}{}
\BOOKMARK [1][-]{section.2.1}{2.1 Abordări ale temei în literatura de specialitate}{chapter.2}
\BOOKMARK [1][-]{section.2.2}{2.2 Identificarea trăsăturilor}{chapter.2}
\BOOKMARK [2][-]{subsection.2.2.1}{2.2.1 Detectorul Harris}{section.2.2}
\BOOKMARK [2][-]{subsection.2.2.2}{2.2.2 Detectorul SIFT}{section.2.2}
\BOOKMARK [1][-]{section.2.3}{2.3 Identificarea trăsăturilor în timp real}{chapter.2}
\BOOKMARK [2][-]{subsection.2.3.1}{2.3.1 Detectorul SURF}{section.2.3}
\BOOKMARK [2][-]{subsection.2.3.2}{2.3.2 Alegerea parametrilor de rulare ai algoritmilor}{section.2.3}
\BOOKMARK [1][-]{section.2.4}{2.4 Potrivirea trăsăturilor}{chapter.2}
\BOOKMARK [0][-]{chapter.3}{3 Proiectarea aplicaţiei}{}
\BOOKMARK [1][-]{section.3.1}{3.1 Descrierea aplicaţiei}{chapter.3}
\BOOKMARK [1][-]{section.3.2}{3.2 Obiective}{chapter.3}
\BOOKMARK [1][-]{section.3.3}{3.3 Constrângeri}{chapter.3}
\BOOKMARK [1][-]{section.3.4}{3.4 Arhitectura generală a proiectului software}{chapter.3}
\BOOKMARK [1][-]{section.3.5}{3.5 Descrierea detaliată a componentelor}{chapter.3}
\BOOKMARK [2][-]{subsection.3.5.1}{3.5.1 Nivelul de abstractizare a achiziţiei imaginilor}{section.3.5}
\BOOKMARK [2][-]{subsection.3.5.2}{3.5.2 Nivelul de prelucrare a imaginilor}{section.3.5}
\BOOKMARK [2][-]{subsection.3.5.3}{3.5.3 Nivelul de administrare a resurselor de procesare}{section.3.5}
\BOOKMARK [2][-]{subsection.3.5.4}{3.5.4 Interfaţa grafică}{section.3.5}
\BOOKMARK [1][-]{section.3.6}{3.6 Metrici de proiectare}{chapter.3}
\BOOKMARK [0][-]{chapter.4}{4 Implementarea aplicaţiei}{}
\BOOKMARK [1][-]{section.4.1}{4.1 Descriere generală}{chapter.4}
\BOOKMARK [2][-]{subsection.4.1.1}{4.1.1 Identificarea provenienţei unui fragment de cod}{section.4.1}
\BOOKMARK [1][-]{section.4.2}{4.2 Biblioteci externe utilizate}{chapter.4}
\BOOKMARK [2][-]{subsection.4.2.1}{4.2.1 Motivaţie}{section.4.2}
\BOOKMARK [2][-]{subsection.4.2.2}{4.2.2 Biblioteci externe}{section.4.2}
\BOOKMARK [1][-]{section.4.3}{4.3 Soluţii de implementare}{chapter.4}
\BOOKMARK [2][-]{subsection.4.3.1}{4.3.1 Tipuri utilizate de algoritmul SURF}{section.4.3}
\BOOKMARK [2][-]{subsection.4.3.2}{4.3.2 Imagini Integrale}{section.4.3}
\BOOKMARK [2][-]{subsection.4.3.3}{4.3.3 Implementarea algoritmului SURF}{section.4.3}
\BOOKMARK [2][-]{subsection.4.3.4}{4.3.4 Paralelizarea procesării}{section.4.3}
\BOOKMARK [1][-]{section.4.4}{4.4 Probleme apărute în dezvoltare. Soluţii propuse}{chapter.4}
\BOOKMARK [2][-]{subsection.4.4.1}{4.4.1 Rularea pe mai multe fire de execuţie, fără a utiliza primitive de sincronizare}{section.4.4}
\BOOKMARK [2][-]{subsection.4.4.2}{4.4.2 Afişarea în interfaţa grafică a unui număr foarte mare de obiecte}{section.4.4}
\BOOKMARK [2][-]{subsection.4.4.3}{4.4.3 Deadlock-uri în codul DirectShow}{section.4.4}
\BOOKMARK [2][-]{subsection.4.4.4}{4.4.4 Ordinea obţinerii rezultatelor procesării}{section.4.4}
\BOOKMARK [1][-]{section.4.5}{4.5 Interfaţa cu utilizatorul}{chapter.4}
\BOOKMARK [0][-]{chapter.5}{5 Compilarea şi testarea aplicaţiei}{}
\BOOKMARK [1][-]{section.5.1}{5.1 Compilarea aplicaţiei}{chapter.5}
\BOOKMARK [2][-]{subsection.5.1.1}{5.1.1 Dependenţe}{section.5.1}
\BOOKMARK [1][-]{section.5.2}{5.2 Testarea unităţilor}{chapter.5}
\BOOKMARK [0][-]{chapter.6}{6 Rezultate şi Concluzii}{}
\BOOKMARK [1][-]{section.6.1}{6.1 Rezultate experimentale}{chapter.6}
\BOOKMARK [1][-]{section.6.2}{6.2 Concluzii}{chapter.6}
\BOOKMARK [2][-]{subsection.6.2.1}{6.2.1 Direcţii de cercetare}{section.6.2}
\BOOKMARK [0][-]{section*.20}{Bibliografie}{}
\BOOKMARK [0][-]{appendix.A}{A Diagrame UML}{}
\BOOKMARK [0][-]{appendix.B}{B Filtre utilizate în algoritmul SURF}{}
\BOOKMARK [0][-]{appendix.C}{C Codul aplicaţiei \(parţial\)}{}
\BOOKMARK [0][-]{appendix*.24}{Lista de simboluri şi prescurtări}{}
\BOOKMARK [0][-]{section*.25}{Lista de figuri}{}
\BOOKMARK [0][-]{section*.26}{Glosar}{}
